<?xml version="1.0" encoding="UTF-8"?>
<!-- Generated by org.testng.reporters.JUnitXMLReporter -->
<testsuite ignored="0" hostname="aham" failures="0" tests="4" name="Test" time="5.013" errors="0" timestamp="2024-01-06T02:06:39 IST">
  <testcase classname="day8.CreateUser" name="create_data" time="3.189"/>
  <testcase classname="day8.GetUser" name="test_getData" time="0.682"/>
  <testcase classname="day8.UpdateUser" name="test_updatedata" time="0.619"/>
  <testcase classname="day8.DeleteUser" name="test_deletedata" time="0.472"/>
</testsuite> <!-- Test -->
